<?xml version="1.0" encoding="UTF-8"?>
<!-- Generated by org.testng.reporters.JUnitXMLReporter -->
<testsuite ignored="0" hostname="NonOpsDev87" failures="1" tests="4" name="CustomerCarrier-Prospect Queue" time="12.351" errors="0" timestamp="2024-11-06T18:21:19 PKT">
  <testcase classname="GTZTransportation.gtz.LPSCustomer_Carrier_ProspectQueueTest" name="CustomerCarriers_CustomerList_ProspectQueue_tests" time="8.169">
    <skipped/>
  </testcase> <!-- CustomerCarriers_CustomerList_ProspectQueue_tests -->
  <testcase classname="GTZTransportation.gtz.LPSCustomer_Carrier_ProspectQueueTest" name="CustomerCarriers_CustomerList_ProspectQueue_tests" time="0.018">
    <skipped/>
  </testcase> <!-- CustomerCarriers_CustomerList_ProspectQueue_tests -->
  <testcase classname="GTZTransportation.gtz.LPSCustomer_Carrier_ProspectQueueTest" name="CustomerCarriers_CustomerList_ProspectQueue_tests" time="0.013">
    <skipped/>
  </testcase> <!-- CustomerCarriers_CustomerList_ProspectQueue_tests -->
  <testcase classname="GTZTransportation.gtz.LPSCustomer_Carrier_ProspectQueueTest" name="CustomerCarriers_CustomerList_ProspectQueue_tests" time="0.018">
    <failure type="org.openqa.selenium.NoSuchElementException" message="no such element: Unable to locate element: {&amp;quot;method&amp;quot;:&amp;quot;xpath&amp;quot;,&amp;quot;selector&amp;quot;:&amp;quot;//*[text()=&amp;apos;Customer/Carrier&amp;apos;]&amp;quot;}
  (Session info: chrome=130.0.6723.92)
For documentation on this error, please visit: https://www.selenium.dev/documentation/webdriver/troubleshooting/errors#no-such-element-exception
Build info: version: &amp;apos;4.18.1&amp;apos;, revision: &amp;apos;b1d3319b48&amp;apos;
System info: os.name: &amp;apos;Windows 11&amp;apos;, os.arch: &amp;apos;amd64&amp;apos;, os.version: &amp;apos;10.0&amp;apos;, java.version: &amp;apos;21.0.2&amp;apos;
Driver info: org.openqa.selenium.chrome.ChromeDriver
Command: [9a2af6c56c31f05b70112c81501c86ac, findElement {value=//*[text()=&amp;apos;Customer/Carrier&amp;apos;], using=xpath}]
Capabilities {acceptInsecureCerts: false, browserName: chrome, browserVersion: 130.0.6723.92, chrome: {chromedriverVersion: 130.0.6723.93 (dbcf0550c05e..., userDataDir: C:\Users\LOCAL_~3.FSL\Temp\...}, fedcm:accounts: true, goog:chromeOptions: {debuggerAddress: localhost:51945}, networkConnectionEnabled: false, pageLoadStrategy: normal, platformName: windows, proxy: Proxy(), se:cdp: ws://localhost:51945/devtoo..., se:cdpVersion: 130.0.6723.92, setWindowRect: true, strictFileInteractability: false, timeouts: {implicit: 0, pageLoad: 300000, script: 30000}, unhandledPromptBehavior: dismiss and notify, webauthn:extension:credBlob: true, webauthn:extension:largeBlob: true, webauthn:extension:minPinLength: true, webauthn:extension:prf: true, webauthn:virtualAuthenticators: true}
Session ID: 9a2af6c56c31f05b70112c81501c86ac">
      <![CDATA[org.openqa.selenium.NoSuchElementException: no such element: Unable to locate element: {"method":"xpath","selector":"//*[text()='Customer/Carrier']"}
  (Session info: chrome=130.0.6723.92)
For documentation on this error, please visit: https://www.selenium.dev/documentation/webdriver/troubleshooting/errors#no-such-element-exception
Build info: version: '4.18.1', revision: 'b1d3319b48'
System info: os.name: 'Windows 11', os.arch: 'amd64', os.version: '10.0', java.version: '21.0.2'
Driver info: org.openqa.selenium.chrome.ChromeDriver
Command: [9a2af6c56c31f05b70112c81501c86ac, findElement {value=//*[text()='Customer/Carrier'], using=xpath}]
Capabilities {acceptInsecureCerts: false, browserName: chrome, browserVersion: 130.0.6723.92, chrome: {chromedriverVersion: 130.0.6723.93 (dbcf0550c05e..., userDataDir: C:\Users\LOCAL_~3.FSL\Temp\...}, fedcm:accounts: true, goog:chromeOptions: {debuggerAddress: localhost:51945}, networkConnectionEnabled: false, pageLoadStrategy: normal, platformName: windows, proxy: Proxy(), se:cdp: ws://localhost:51945/devtoo..., se:cdpVersion: 130.0.6723.92, setWindowRect: true, strictFileInteractability: false, timeouts: {implicit: 0, pageLoad: 300000, script: 30000}, unhandledPromptBehavior: dismiss and notify, webauthn:extension:credBlob: true, webauthn:extension:largeBlob: true, webauthn:extension:minPinLength: true, webauthn:extension:prf: true, webauthn:virtualAuthenticators: true}
Session ID: 9a2af6c56c31f05b70112c81501c86ac
at org.openqa.selenium.remote.ErrorCodec.decode(ErrorCodec.java:167)
at org.openqa.selenium.remote.codec.w3c.W3CHttpResponseCodec.decode(W3CHttpResponseCodec.java:138)
at org.openqa.selenium.remote.codec.w3c.W3CHttpResponseCodec.decode(W3CHttpResponseCodec.java:50)
at org.openqa.selenium.remote.HttpCommandExecutor.execute(HttpCommandExecutor.java:190)
at org.openqa.selenium.remote.service.DriverCommandExecutor.invokeExecute(DriverCommandExecutor.java:216)
at org.openqa.selenium.remote.service.DriverCommandExecutor.execute(DriverCommandExecutor.java:174)
at org.openqa.selenium.remote.RemoteWebDriver.execute(RemoteWebDriver.java:519)
at org.openqa.selenium.remote.ElementLocation$ElementFinder$2.findElement(ElementLocation.java:165)
at org.openqa.selenium.remote.ElementLocation.findElement(ElementLocation.java:59)
at org.openqa.selenium.remote.RemoteWebDriver.findElement(RemoteWebDriver.java:356)
at org.openqa.selenium.remote.RemoteWebDriver.findElement(RemoteWebDriver.java:350)
at GTZTransportation.pages.LPSCustomer_Carrier_ProspectQueue.clientAdminGTZ(LPSCustomer_Carrier_ProspectQueue.java:67)
at GTZTransportation.gtz.LPSCustomer_Carrier_ProspectQueueTest.CustomerCarriers_CustomerList_ProspectQueue_tests(LPSCustomer_Carrier_ProspectQueueTest.java:38)
at java.base/java.util.ArrayList.forEach(ArrayList.java:1596)
... Removed 28 stack frames]]>
    </failure>
  </testcase> <!-- CustomerCarriers_CustomerList_ProspectQueue_tests -->
</testsuite> <!-- CustomerCarrier-Prospect Queue -->
