<?xml version="1.0" encoding="UTF-8"?>
<!-- Generated by org.testng.reporters.JUnitXMLReporter -->
<testsuite ignored="0" hostname="NonOpsDev87" failures="0" tests="1" name="CutomerRouted-FindRates" time="1.813" errors="0" timestamp="2024-04-30T22:53:43 PKT">
  <testcase classname="GTZTransportation.gtz.CreateBOL_FindRates_CustomerRouted_Test" name="@BeforeTest setup" time="1.799">
    <failure type="org.openqa.selenium.WebDriverException" message="no such execution context
  (Session info: chrome=124.0.6367.91)
Build info: version: &amp;apos;4.18.1&amp;apos;, revision: &amp;apos;b1d3319b48&amp;apos;
System info: os.name: &amp;apos;Windows 11&amp;apos;, os.arch: &amp;apos;amd64&amp;apos;, os.version: &amp;apos;10.0&amp;apos;, java.version: &amp;apos;21.0.2&amp;apos;
Driver info: org.openqa.selenium.chrome.ChromeDriver
Command: [e346c0f19c4e2d61a5b74b8fa621ea0a, get {url=https://my-stage.shiplps.com/Default.aspx}]
Capabilities {acceptInsecureCerts: false, browserName: chrome, browserVersion: 124.0.6367.91, chrome: {chromedriverVersion: 124.0.6367.91 (51df0e5e17a8..., userDataDir: C:\Users\LOCAL_~2.FSL\Temp\...}, fedcm:accounts: true, goog:chromeOptions: {debuggerAddress: localhost:60080}, networkConnectionEnabled: false, pageLoadStrategy: normal, platformName: windows, proxy: Proxy(), se:cdp: ws://localhost:60080/devtoo..., se:cdpVersion: 124.0.6367.91, setWindowRect: true, strictFileInteractability: false, timeouts: {implicit: 0, pageLoad: 300000, script: 30000}, unhandledPromptBehavior: dismiss and notify, webauthn:extension:credBlob: true, webauthn:extension:largeBlob: true, webauthn:extension:minPinLength: true, webauthn:extension:prf: true, webauthn:virtualAuthenticators: true}
Session ID: e346c0f19c4e2d61a5b74b8fa621ea0a">
      <![CDATA[org.openqa.selenium.WebDriverException: no such execution context
  (Session info: chrome=124.0.6367.91)
Build info: version: '4.18.1', revision: 'b1d3319b48'
System info: os.name: 'Windows 11', os.arch: 'amd64', os.version: '10.0', java.version: '21.0.2'
Driver info: org.openqa.selenium.chrome.ChromeDriver
Command: [e346c0f19c4e2d61a5b74b8fa621ea0a, get {url=https://my-stage.shiplps.com/Default.aspx}]
Capabilities {acceptInsecureCerts: false, browserName: chrome, browserVersion: 124.0.6367.91, chrome: {chromedriverVersion: 124.0.6367.91 (51df0e5e17a8..., userDataDir: C:\Users\LOCAL_~2.FSL\Temp\...}, fedcm:accounts: true, goog:chromeOptions: {debuggerAddress: localhost:60080}, networkConnectionEnabled: false, pageLoadStrategy: normal, platformName: windows, proxy: Proxy(), se:cdp: ws://localhost:60080/devtoo..., se:cdpVersion: 124.0.6367.91, setWindowRect: true, strictFileInteractability: false, timeouts: {implicit: 0, pageLoad: 300000, script: 30000}, unhandledPromptBehavior: dismiss and notify, webauthn:extension:credBlob: true, webauthn:extension:largeBlob: true, webauthn:extension:minPinLength: true, webauthn:extension:prf: true, webauthn:virtualAuthenticators: true}
Session ID: e346c0f19c4e2d61a5b74b8fa621ea0a
at org.openqa.selenium.remote.ErrorCodec.decode(ErrorCodec.java:167)
at org.openqa.selenium.remote.codec.w3c.W3CHttpResponseCodec.decode(W3CHttpResponseCodec.java:138)
at org.openqa.selenium.remote.codec.w3c.W3CHttpResponseCodec.decode(W3CHttpResponseCodec.java:50)
at org.openqa.selenium.remote.HttpCommandExecutor.execute(HttpCommandExecutor.java:190)
at org.openqa.selenium.remote.service.DriverCommandExecutor.invokeExecute(DriverCommandExecutor.java:216)
at org.openqa.selenium.remote.service.DriverCommandExecutor.execute(DriverCommandExecutor.java:174)
at org.openqa.selenium.remote.RemoteWebDriver.execute(RemoteWebDriver.java:519)
at org.openqa.selenium.remote.RemoteWebDriver.get(RemoteWebDriver.java:301)
at GTZTransportation.gtz.BaseClass.initialization(BaseClass.java:38)
at GTZTransportation.gtz.CreateBOL_FindRates_CustomerRouted_Test.setup(CreateBOL_FindRates_CustomerRouted_Test.java:22)
... Removed 25 stack frames]]>
    </failure>
  </testcase> <!-- @BeforeTest setup -->
  <testcase classname="GTZTransportation.gtz.CreateBOL_FindRates_CustomerRouted_Test" name="@AfterTest tearDown" time="-1.714499623758E9">
    <skipped/>
  </testcase> <!-- @AfterTest tearDown -->
  <testcase classname="GTZTransportation.gtz.CreateBOL_FindRates_CustomerRouted_Test" name="FindRates_BOL_Creation_CustomerRouted_Tests" time="0.0">
    <skipped/>
  </testcase> <!-- FindRates_BOL_Creation_CustomerRouted_Tests -->
</testsuite> <!-- CutomerRouted-FindRates -->
