<?xml version="1.0" encoding="UTF-8"?>
<!-- Generated by org.testng.reporters.JUnitXMLReporter -->
<testsuite ignored="0" hostname="NonOpsDev87" failures="1" tests="4" name="LPS Dashboard - Density Calculator" time="21.784" errors="0" timestamp="2025-01-28T20:51:57 PKT">
  <testcase classname="GTZTransportation.gtz.LPS_Dashboard_DensityCalculatorTest" name="LPS_Dashboard_DensityCalulator_Tests" time="4.268">
    <skipped/>
  </testcase> <!-- LPS_Dashboard_DensityCalulator_Tests -->
  <testcase classname="GTZTransportation.gtz.LPS_Dashboard_DensityCalculatorTest" name="LPS_Dashboard_DensityCalulator_Tests" time="4.298">
    <skipped/>
  </testcase> <!-- LPS_Dashboard_DensityCalulator_Tests -->
  <testcase classname="GTZTransportation.gtz.LPS_Dashboard_DensityCalculatorTest" name="LPS_Dashboard_DensityCalulator_Tests" time="4.251">
    <skipped/>
  </testcase> <!-- LPS_Dashboard_DensityCalulator_Tests -->
  <testcase classname="GTZTransportation.gtz.LPS_Dashboard_DensityCalculatorTest" name="LPS_Dashboard_DensityCalulator_Tests" time="4.218">
    <failure type="org.openqa.selenium.NoSuchElementException" message="no such element: Unable to locate element: {&amp;quot;method&amp;quot;:&amp;quot;xpath&amp;quot;,&amp;quot;selector&amp;quot;:&amp;quot;//span[normalize-space()=&amp;apos;432.00&amp;apos;]&amp;quot;}
  (Session info: chrome=132.0.6834.111)
For documentation on this error, please visit: https://www.selenium.dev/documentation/webdriver/troubleshooting/errors#no-such-element-exception
Build info: version: &amp;apos;4.18.1&amp;apos;, revision: &amp;apos;b1d3319b48&amp;apos;
System info: os.name: &amp;apos;Windows 11&amp;apos;, os.arch: &amp;apos;amd64&amp;apos;, os.version: &amp;apos;10.0&amp;apos;, java.version: &amp;apos;21.0.2&amp;apos;
Driver info: org.openqa.selenium.chrome.ChromeDriver
Command: [e014f5dd6705f948985727b19f6c7f2c, findElement {using=xpath, value=//span[normalize-space()=&amp;apos;432.00&amp;apos;]}]
Capabilities {acceptInsecureCerts: false, browserName: chrome, browserVersion: 132.0.6834.111, chrome: {chromedriverVersion: 132.0.6834.110 (df453a35f09..., userDataDir: C:\Users\LOCAL_~4.TAR\Temp\...}, fedcm:accounts: true, goog:chromeOptions: {debuggerAddress: localhost:55102}, networkConnectionEnabled: false, pageLoadStrategy: normal, platformName: windows, proxy: Proxy(), se:cdp: ws://localhost:55102/devtoo..., se:cdpVersion: 132.0.6834.111, setWindowRect: true, strictFileInteractability: false, timeouts: {implicit: 0, pageLoad: 300000, script: 30000}, unhandledPromptBehavior: dismiss and notify, webauthn:extension:credBlob: true, webauthn:extension:largeBlob: true, webauthn:extension:minPinLength: true, webauthn:extension:prf: true, webauthn:virtualAuthenticators: true}
Session ID: e014f5dd6705f948985727b19f6c7f2c">
      <![CDATA[org.openqa.selenium.NoSuchElementException: no such element: Unable to locate element: {"method":"xpath","selector":"//span[normalize-space()='432.00']"}
  (Session info: chrome=132.0.6834.111)
For documentation on this error, please visit: https://www.selenium.dev/documentation/webdriver/troubleshooting/errors#no-such-element-exception
Build info: version: '4.18.1', revision: 'b1d3319b48'
System info: os.name: 'Windows 11', os.arch: 'amd64', os.version: '10.0', java.version: '21.0.2'
Driver info: org.openqa.selenium.chrome.ChromeDriver
Command: [e014f5dd6705f948985727b19f6c7f2c, findElement {using=xpath, value=//span[normalize-space()='432.00']}]
Capabilities {acceptInsecureCerts: false, browserName: chrome, browserVersion: 132.0.6834.111, chrome: {chromedriverVersion: 132.0.6834.110 (df453a35f09..., userDataDir: C:\Users\LOCAL_~4.TAR\Temp\...}, fedcm:accounts: true, goog:chromeOptions: {debuggerAddress: localhost:55102}, networkConnectionEnabled: false, pageLoadStrategy: normal, platformName: windows, proxy: Proxy(), se:cdp: ws://localhost:55102/devtoo..., se:cdpVersion: 132.0.6834.111, setWindowRect: true, strictFileInteractability: false, timeouts: {implicit: 0, pageLoad: 300000, script: 30000}, unhandledPromptBehavior: dismiss and notify, webauthn:extension:credBlob: true, webauthn:extension:largeBlob: true, webauthn:extension:minPinLength: true, webauthn:extension:prf: true, webauthn:virtualAuthenticators: true}
Session ID: e014f5dd6705f948985727b19f6c7f2c
at org.openqa.selenium.remote.ErrorCodec.decode(ErrorCodec.java:167)
at org.openqa.selenium.remote.codec.w3c.W3CHttpResponseCodec.decode(W3CHttpResponseCodec.java:138)
at org.openqa.selenium.remote.codec.w3c.W3CHttpResponseCodec.decode(W3CHttpResponseCodec.java:50)
at org.openqa.selenium.remote.HttpCommandExecutor.execute(HttpCommandExecutor.java:190)
at org.openqa.selenium.remote.service.DriverCommandExecutor.invokeExecute(DriverCommandExecutor.java:216)
at org.openqa.selenium.remote.service.DriverCommandExecutor.execute(DriverCommandExecutor.java:174)
at org.openqa.selenium.remote.RemoteWebDriver.execute(RemoteWebDriver.java:519)
at org.openqa.selenium.remote.ElementLocation$ElementFinder$2.findElement(ElementLocation.java:165)
at org.openqa.selenium.remote.ElementLocation.findElement(ElementLocation.java:59)
at org.openqa.selenium.remote.RemoteWebDriver.findElement(RemoteWebDriver.java:356)
at org.openqa.selenium.remote.RemoteWebDriver.findElement(RemoteWebDriver.java:350)
at GTZTransportation.pages.LPS_Dashboard_DensityCalculator.DensityCalulator(LPS_Dashboard_DensityCalculator.java:53)
at GTZTransportation.gtz.LPS_Dashboard_DensityCalculatorTest.LPS_Dashboard_DensityCalulator_Tests(LPS_Dashboard_DensityCalculatorTest.java:34)
at java.base/java.util.ArrayList.forEach(ArrayList.java:1596)
... Removed 28 stack frames]]>
    </failure>
  </testcase> <!-- LPS_Dashboard_DensityCalulator_Tests -->
</testsuite> <!-- LPS Dashboard - Density Calculator -->
