<?xml version="1.0" encoding="UTF-8"?>
<!-- Generated by org.testng.reporters.JUnitXMLReporter -->
<testsuite ignored="0" hostname="NonOpsDev87" failures="1" tests="4" name="LPS Dashboard - Report" time="41.857" errors="0" timestamp="2025-04-21T20:02:59 PKT">
  <testcase classname="GTZTransportation.gtz.LPS_Dashboard_ReportsTest" name="LPS_Dashboard_Reports_Tests" time="10.984">
    <skipped/>
  </testcase> <!-- LPS_Dashboard_Reports_Tests -->
  <testcase classname="GTZTransportation.gtz.LPS_Dashboard_ReportsTest" name="LPS_Dashboard_Reports_Tests" time="9.232">
    <skipped/>
  </testcase> <!-- LPS_Dashboard_Reports_Tests -->
  <testcase classname="GTZTransportation.gtz.LPS_Dashboard_ReportsTest" name="LPS_Dashboard_Reports_Tests" time="9.218">
    <skipped/>
  </testcase> <!-- LPS_Dashboard_Reports_Tests -->
  <testcase classname="GTZTransportation.gtz.LPS_Dashboard_ReportsTest" name="LPS_Dashboard_Reports_Tests" time="9.201">
    <failure type="org.openqa.selenium.StaleElementReferenceException" message="stale element reference: stale element not found
  (Session info: chrome=135.0.7049.96)
For documentation on this error, please visit: https://www.selenium.dev/documentation/webdriver/troubleshooting/errors#stale-element-reference-exception
Build info: version: &amp;apos;4.18.1&amp;apos;, revision: &amp;apos;b1d3319b48&amp;apos;
System info: os.name: &amp;apos;Windows 11&amp;apos;, os.arch: &amp;apos;amd64&amp;apos;, os.version: &amp;apos;10.0&amp;apos;, java.version: &amp;apos;21.0.2&amp;apos;
Driver info: org.openqa.selenium.chrome.ChromeDriver
Command: [a71aaf9e76058fec2a699ad90a2ba24a, clickElement {id=f.6B7FB19879B0DD89CE2AB76EAB7468BD.d.2B10D907C884617D2EC351EE72293EB3.e.380}]
Capabilities {acceptInsecureCerts: false, browserName: chrome, browserVersion: 135.0.7049.96, chrome: {chromedriverVersion: 135.0.7049.95 (de2eb485a195..., userDataDir: C:\Users\LOCAL_~4.TAR\Temp\...}, fedcm:accounts: true, goog:chromeOptions: {debuggerAddress: localhost:54937}, networkConnectionEnabled: false, pageLoadStrategy: normal, platformName: windows, proxy: Proxy(), se:cdp: ws://localhost:54937/devtoo..., se:cdpVersion: 135.0.7049.96, setWindowRect: true, strictFileInteractability: false, timeouts: {implicit: 0, pageLoad: 300000, script: 30000}, unhandledPromptBehavior: dismiss and notify, webauthn:extension:credBlob: true, webauthn:extension:largeBlob: true, webauthn:extension:minPinLength: true, webauthn:extension:prf: true, webauthn:virtualAuthenticators: true}
Element: [[ChromeDriver: chrome on windows (a71aaf9e76058fec2a699ad90a2ba24a)] -&amp;gt; xpath: //a[@id=&amp;apos;ContentPlaceHolder1_ctl01_grid_linkName_0&amp;apos;]]
Session ID: a71aaf9e76058fec2a699ad90a2ba24a">
      <![CDATA[org.openqa.selenium.StaleElementReferenceException: stale element reference: stale element not found
  (Session info: chrome=135.0.7049.96)
For documentation on this error, please visit: https://www.selenium.dev/documentation/webdriver/troubleshooting/errors#stale-element-reference-exception
Build info: version: '4.18.1', revision: 'b1d3319b48'
System info: os.name: 'Windows 11', os.arch: 'amd64', os.version: '10.0', java.version: '21.0.2'
Driver info: org.openqa.selenium.chrome.ChromeDriver
Command: [a71aaf9e76058fec2a699ad90a2ba24a, clickElement {id=f.6B7FB19879B0DD89CE2AB76EAB7468BD.d.2B10D907C884617D2EC351EE72293EB3.e.380}]
Capabilities {acceptInsecureCerts: false, browserName: chrome, browserVersion: 135.0.7049.96, chrome: {chromedriverVersion: 135.0.7049.95 (de2eb485a195..., userDataDir: C:\Users\LOCAL_~4.TAR\Temp\...}, fedcm:accounts: true, goog:chromeOptions: {debuggerAddress: localhost:54937}, networkConnectionEnabled: false, pageLoadStrategy: normal, platformName: windows, proxy: Proxy(), se:cdp: ws://localhost:54937/devtoo..., se:cdpVersion: 135.0.7049.96, setWindowRect: true, strictFileInteractability: false, timeouts: {implicit: 0, pageLoad: 300000, script: 30000}, unhandledPromptBehavior: dismiss and notify, webauthn:extension:credBlob: true, webauthn:extension:largeBlob: true, webauthn:extension:minPinLength: true, webauthn:extension:prf: true, webauthn:virtualAuthenticators: true}
Element: [[ChromeDriver: chrome on windows (a71aaf9e76058fec2a699ad90a2ba24a)] -> xpath: //a[@id='ContentPlaceHolder1_ctl01_grid_linkName_0']]
Session ID: a71aaf9e76058fec2a699ad90a2ba24a
at org.openqa.selenium.remote.ErrorCodec.decode(ErrorCodec.java:167)
at org.openqa.selenium.remote.codec.w3c.W3CHttpResponseCodec.decode(W3CHttpResponseCodec.java:138)
at org.openqa.selenium.remote.codec.w3c.W3CHttpResponseCodec.decode(W3CHttpResponseCodec.java:50)
at org.openqa.selenium.remote.HttpCommandExecutor.execute(HttpCommandExecutor.java:190)
at org.openqa.selenium.remote.service.DriverCommandExecutor.invokeExecute(DriverCommandExecutor.java:216)
at org.openqa.selenium.remote.service.DriverCommandExecutor.execute(DriverCommandExecutor.java:174)
at org.openqa.selenium.remote.RemoteWebDriver.execute(RemoteWebDriver.java:519)
at org.openqa.selenium.remote.RemoteWebElement.execute(RemoteWebElement.java:223)
at org.openqa.selenium.remote.RemoteWebElement.click(RemoteWebElement.java:76)
at org.openqa.selenium.support.pagefactory.internal.LocatingElementHandler.invoke(LocatingElementHandler.java:51)
at jdk.proxy2/jdk.proxy2.$Proxy13.click(Unknown Source)
at GTZTransportation.pages.LPS_Dashboard_Reports.SearchReport(LPS_Dashboard_Reports.java:64)
at GTZTransportation.gtz.LPS_Dashboard_ReportsTest.LPS_Dashboard_Reports_Tests(LPS_Dashboard_ReportsTest.java:37)
at java.base/java.util.ArrayList.forEach(ArrayList.java:1596)
... Removed 30 stack frames]]>
    </failure>
  </testcase> <!-- LPS_Dashboard_Reports_Tests -->
</testsuite> <!-- LPS Dashboard - Report -->
