<?xml version="1.0" encoding="UTF-8"?>
<!-- Generated by org.testng.reporters.JUnitXMLReporter -->
<testsuite ignored="0" hostname="NonOpsDev87" failures="1" tests="4" name="Retry - GTZTransportation.gtz.LPS_AccountManager_AddressbookTest.LPS_AccountManagement_Addresses_Tests" time="42.758" errors="0" timestamp="2025-03-20T18:06:27 PKT">
  <testcase classname="GTZTransportation.gtz.LPS_AccountManager_AddressbookTest" name="LPS_AccountManagement_Addresses_Tests" time="17.711">
    <skipped/>
  </testcase> <!-- LPS_AccountManagement_Addresses_Tests -->
  <testcase classname="GTZTransportation.gtz.LPS_AccountManager_AddressbookTest" name="LPS_AccountManagement_Addresses_Tests" time="9.435">
    <skipped/>
  </testcase> <!-- LPS_AccountManagement_Addresses_Tests -->
  <testcase classname="GTZTransportation.gtz.LPS_AccountManager_AddressbookTest" name="LPS_AccountManagement_Addresses_Tests" time="6.068">
    <skipped/>
  </testcase> <!-- LPS_AccountManagement_Addresses_Tests -->
  <testcase classname="GTZTransportation.gtz.LPS_AccountManager_AddressbookTest" name="LPS_AccountManagement_Addresses_Tests" time="6.05">
    <failure type="org.openqa.selenium.ElementClickInterceptedException" message="element click intercepted: Element &amp;lt;span&amp;gt;...&amp;lt;/span&amp;gt; is not clickable at point (484, 113). Other element would receive the click: &amp;lt;a href=&amp;quot;https://pay-stage.shiplps.com/AutoAuth.ashx?__eqs=KJZzhI6y49flXQZmwSNhoRrSo8uWM+HS24a4mARS8DCLRUl2jcXUA1cE5CvV+ZLyDyw6mGgpfKljjy32Dqc+XR0WeJjR9O7rzLTF+wredd82MKZxHsStSBHSY5A3y/Tn2YlnSN71olr/e7SOLX8O4q3YLcBQvCdEI1mffboSfq8=&amp;quot;&amp;gt;...&amp;lt;/a&amp;gt;
  (Session info: chrome=134.0.6998.90)
Build info: version: &amp;apos;4.18.1&amp;apos;, revision: &amp;apos;b1d3319b48&amp;apos;
System info: os.name: &amp;apos;Windows 11&amp;apos;, os.arch: &amp;apos;amd64&amp;apos;, os.version: &amp;apos;10.0&amp;apos;, java.version: &amp;apos;21.0.2&amp;apos;
Driver info: org.openqa.selenium.chrome.ChromeDriver
Command: [7ce05c5af5756943f30a9fdc126f2ec1, clickElement {id=f.BEF602C536FF7D776571C071F6B78F5D.d.70AB80B0B4AEB14ADBD5763A09A44001.e.249}]
Capabilities {acceptInsecureCerts: false, browserName: chrome, browserVersion: 134.0.6998.90, chrome: {chromedriverVersion: 134.0.6998.90 (219ee74681fc..., userDataDir: C:\WINDOWS\SystemTemp\scope...}, fedcm:accounts: true, goog:chromeOptions: {debuggerAddress: localhost:64231}, networkConnectionEnabled: false, pageLoadStrategy: normal, platformName: windows, proxy: Proxy(), se:cdp: ws://localhost:64231/devtoo..., se:cdpVersion: 134.0.6998.90, setWindowRect: true, strictFileInteractability: false, timeouts: {implicit: 0, pageLoad: 300000, script: 30000}, unhandledPromptBehavior: dismiss and notify, webauthn:extension:credBlob: true, webauthn:extension:largeBlob: true, webauthn:extension:minPinLength: true, webauthn:extension:prf: true, webauthn:virtualAuthenticators: true}
Element: [[ChromeDriver: chrome on windows (7ce05c5af5756943f30a9fdc126f2ec1)] -&amp;gt; xpath: //span[normalize-space()=&amp;apos;Account Management&amp;apos;]]
Session ID: 7ce05c5af5756943f30a9fdc126f2ec1">
      <![CDATA[org.openqa.selenium.ElementClickInterceptedException: element click intercepted: Element <span>...</span> is not clickable at point (484, 113). Other element would receive the click: <a href="https://pay-stage.shiplps.com/AutoAuth.ashx?__eqs=KJZzhI6y49flXQZmwSNhoRrSo8uWM+HS24a4mARS8DCLRUl2jcXUA1cE5CvV+ZLyDyw6mGgpfKljjy32Dqc+XR0WeJjR9O7rzLTF+wredd82MKZxHsStSBHSY5A3y/Tn2YlnSN71olr/e7SOLX8O4q3YLcBQvCdEI1mffboSfq8=">...</a>
  (Session info: chrome=134.0.6998.90)
Build info: version: '4.18.1', revision: 'b1d3319b48'
System info: os.name: 'Windows 11', os.arch: 'amd64', os.version: '10.0', java.version: '21.0.2'
Driver info: org.openqa.selenium.chrome.ChromeDriver
Command: [7ce05c5af5756943f30a9fdc126f2ec1, clickElement {id=f.BEF602C536FF7D776571C071F6B78F5D.d.70AB80B0B4AEB14ADBD5763A09A44001.e.249}]
Capabilities {acceptInsecureCerts: false, browserName: chrome, browserVersion: 134.0.6998.90, chrome: {chromedriverVersion: 134.0.6998.90 (219ee74681fc..., userDataDir: C:\WINDOWS\SystemTemp\scope...}, fedcm:accounts: true, goog:chromeOptions: {debuggerAddress: localhost:64231}, networkConnectionEnabled: false, pageLoadStrategy: normal, platformName: windows, proxy: Proxy(), se:cdp: ws://localhost:64231/devtoo..., se:cdpVersion: 134.0.6998.90, setWindowRect: true, strictFileInteractability: false, timeouts: {implicit: 0, pageLoad: 300000, script: 30000}, unhandledPromptBehavior: dismiss and notify, webauthn:extension:credBlob: true, webauthn:extension:largeBlob: true, webauthn:extension:minPinLength: true, webauthn:extension:prf: true, webauthn:virtualAuthenticators: true}
Element: [[ChromeDriver: chrome on windows (7ce05c5af5756943f30a9fdc126f2ec1)] -> xpath: //span[normalize-space()='Account Management']]
Session ID: 7ce05c5af5756943f30a9fdc126f2ec1
at org.openqa.selenium.remote.ErrorCodec.decode(ErrorCodec.java:167)
at org.openqa.selenium.remote.codec.w3c.W3CHttpResponseCodec.decode(W3CHttpResponseCodec.java:138)
at org.openqa.selenium.remote.codec.w3c.W3CHttpResponseCodec.decode(W3CHttpResponseCodec.java:50)
at org.openqa.selenium.remote.HttpCommandExecutor.execute(HttpCommandExecutor.java:190)
at org.openqa.selenium.remote.service.DriverCommandExecutor.invokeExecute(DriverCommandExecutor.java:216)
at org.openqa.selenium.remote.service.DriverCommandExecutor.execute(DriverCommandExecutor.java:174)
at org.openqa.selenium.remote.RemoteWebDriver.execute(RemoteWebDriver.java:519)
at org.openqa.selenium.remote.RemoteWebElement.execute(RemoteWebElement.java:223)
at org.openqa.selenium.remote.RemoteWebElement.click(RemoteWebElement.java:76)
at org.openqa.selenium.support.pagefactory.internal.LocatingElementHandler.invoke(LocatingElementHandler.java:51)
at jdk.proxy2/jdk.proxy2.$Proxy9.click(Unknown Source)
at GTZTransportation.pages.LPS_AccountManager_AddressBook.AccountManagement(LPS_AccountManager_AddressBook.java:50)
at GTZTransportation.gtz.LPS_AccountManager_AddressbookTest.LPS_AccountManagement_Addresses_Tests(LPS_AccountManager_AddressbookTest.java:37)
at java.base/java.util.ArrayList.forEach(ArrayList.java:1596)
at listeners.RetryListener.onFinish(RetryListener.java:42)
... Removed 42 stack frames]]>
    </failure>
  </testcase> <!-- LPS_AccountManagement_Addresses_Tests -->
</testsuite> <!-- Retry - GTZTransportation.gtz.LPS_AccountManager_AddressbookTest.LPS_AccountManagement_Addresses_Tests -->
