<?xml version="1.0" encoding="UTF-8"?>
<!-- Generated by org.testng.reporters.JUnitXMLReporter -->
<testsuite ignored="0" hostname="NonOpsDev87" failures="1" tests="4" name="Retry - GTZTransportation.gtz.LoadFlow_Invoice_SpotQuoteTest.spotQuote_Complete_Load_Invoice_Flow_Tests" time="164.521" errors="0" timestamp="2025-05-02T20:54:22 PKT">
  <testcase classname="GTZTransportation.gtz.LoadFlow_Invoice_SpotQuoteTest" name="spotQuote_Complete_Load_Invoice_Flow_Tests" time="145.928">
    <skipped/>
  </testcase> <!-- spotQuote_Complete_Load_Invoice_Flow_Tests -->
  <testcase classname="GTZTransportation.gtz.LoadFlow_Invoice_SpotQuoteTest" name="spotQuote_Complete_Load_Invoice_Flow_Tests" time="5.015">
    <skipped/>
  </testcase> <!-- spotQuote_Complete_Load_Invoice_Flow_Tests -->
  <testcase classname="GTZTransportation.gtz.LoadFlow_Invoice_SpotQuoteTest" name="spotQuote_Complete_Load_Invoice_Flow_Tests" time="5.009">
    <skipped/>
  </testcase> <!-- spotQuote_Complete_Load_Invoice_Flow_Tests -->
  <testcase classname="GTZTransportation.gtz.LoadFlow_Invoice_SpotQuoteTest" name="spotQuote_Complete_Load_Invoice_Flow_Tests" time="5.011">
    <failure type="org.openqa.selenium.NoSuchElementException" message="no such element: Unable to locate element: {&amp;quot;method&amp;quot;:&amp;quot;xpath&amp;quot;,&amp;quot;selector&amp;quot;:&amp;quot;//*[text()=&amp;apos;Spot Quote system&amp;apos;]&amp;quot;}
  (Session info: chrome=135.0.7049.115)
For documentation on this error, please visit: https://www.selenium.dev/documentation/webdriver/troubleshooting/errors#no-such-element-exception
Build info: version: &amp;apos;4.18.1&amp;apos;, revision: &amp;apos;b1d3319b48&amp;apos;
System info: os.name: &amp;apos;Windows 11&amp;apos;, os.arch: &amp;apos;amd64&amp;apos;, os.version: &amp;apos;10.0&amp;apos;, java.version: &amp;apos;21.0.2&amp;apos;
Driver info: org.openqa.selenium.chrome.ChromeDriver
Command: [4c00243ce91b297c230762c7d3e3b0f4, findElement {using=xpath, value=//*[text()=&amp;apos;Spot Quote system&amp;apos;]}]
Capabilities {acceptInsecureCerts: false, browserName: chrome, browserVersion: 135.0.7049.115, chrome: {chromedriverVersion: 135.0.7049.114 (63fd8a7d9d0..., userDataDir: C:\WINDOWS\SystemTemp\scope...}, fedcm:accounts: true, goog:chromeOptions: {debuggerAddress: localhost:49173}, networkConnectionEnabled: false, pageLoadStrategy: normal, platformName: windows, proxy: Proxy(), se:cdp: ws://localhost:49173/devtoo..., se:cdpVersion: 135.0.7049.115, setWindowRect: true, strictFileInteractability: false, timeouts: {implicit: 0, pageLoad: 300000, script: 30000}, unhandledPromptBehavior: dismiss and notify, webauthn:extension:credBlob: true, webauthn:extension:largeBlob: true, webauthn:extension:minPinLength: true, webauthn:extension:prf: true, webauthn:virtualAuthenticators: true}
Session ID: 4c00243ce91b297c230762c7d3e3b0f4">
      <![CDATA[org.openqa.selenium.NoSuchElementException: no such element: Unable to locate element: {"method":"xpath","selector":"//*[text()='Spot Quote system']"}
  (Session info: chrome=135.0.7049.115)
For documentation on this error, please visit: https://www.selenium.dev/documentation/webdriver/troubleshooting/errors#no-such-element-exception
Build info: version: '4.18.1', revision: 'b1d3319b48'
System info: os.name: 'Windows 11', os.arch: 'amd64', os.version: '10.0', java.version: '21.0.2'
Driver info: org.openqa.selenium.chrome.ChromeDriver
Command: [4c00243ce91b297c230762c7d3e3b0f4, findElement {using=xpath, value=//*[text()='Spot Quote system']}]
Capabilities {acceptInsecureCerts: false, browserName: chrome, browserVersion: 135.0.7049.115, chrome: {chromedriverVersion: 135.0.7049.114 (63fd8a7d9d0..., userDataDir: C:\WINDOWS\SystemTemp\scope...}, fedcm:accounts: true, goog:chromeOptions: {debuggerAddress: localhost:49173}, networkConnectionEnabled: false, pageLoadStrategy: normal, platformName: windows, proxy: Proxy(), se:cdp: ws://localhost:49173/devtoo..., se:cdpVersion: 135.0.7049.115, setWindowRect: true, strictFileInteractability: false, timeouts: {implicit: 0, pageLoad: 300000, script: 30000}, unhandledPromptBehavior: dismiss and notify, webauthn:extension:credBlob: true, webauthn:extension:largeBlob: true, webauthn:extension:minPinLength: true, webauthn:extension:prf: true, webauthn:virtualAuthenticators: true}
Session ID: 4c00243ce91b297c230762c7d3e3b0f4
at org.openqa.selenium.remote.ErrorCodec.decode(ErrorCodec.java:167)
at org.openqa.selenium.remote.codec.w3c.W3CHttpResponseCodec.decode(W3CHttpResponseCodec.java:138)
at org.openqa.selenium.remote.codec.w3c.W3CHttpResponseCodec.decode(W3CHttpResponseCodec.java:50)
at org.openqa.selenium.remote.HttpCommandExecutor.execute(HttpCommandExecutor.java:190)
at org.openqa.selenium.remote.service.DriverCommandExecutor.invokeExecute(DriverCommandExecutor.java:216)
at org.openqa.selenium.remote.service.DriverCommandExecutor.execute(DriverCommandExecutor.java:174)
at org.openqa.selenium.remote.RemoteWebDriver.execute(RemoteWebDriver.java:519)
at org.openqa.selenium.remote.ElementLocation$ElementFinder$2.findElement(ElementLocation.java:165)
at org.openqa.selenium.remote.ElementLocation.findElement(ElementLocation.java:59)
at org.openqa.selenium.remote.RemoteWebDriver.findElement(RemoteWebDriver.java:356)
at org.openqa.selenium.remote.RemoteWebDriver.findElement(RemoteWebDriver.java:350)
at org.openqa.selenium.support.pagefactory.DefaultElementLocator.findElement(DefaultElementLocator.java:68)
at org.openqa.selenium.support.pagefactory.internal.LocatingElementHandler.invoke(LocatingElementHandler.java:38)
at jdk.proxy2/jdk.proxy2.$Proxy9.click(Unknown Source)
at GTZTransportation.pages.LoadFlow_Invoice_SpotQuote.openSpotQuote(LoadFlow_Invoice_SpotQuote.java:334)
at GTZTransportation.gtz.LoadFlow_Invoice_SpotQuoteTest.spotQuote_Complete_Load_Invoice_Flow_Tests(LoadFlow_Invoice_SpotQuoteTest.java:33)
at java.base/java.util.ArrayList.forEach(ArrayList.java:1596)
at listeners.RetryListener.onFinish(RetryListener.java:42)
... Removed 40 stack frames]]>
    </failure>
  </testcase> <!-- spotQuote_Complete_Load_Invoice_Flow_Tests -->
</testsuite> <!-- Retry - GTZTransportation.gtz.LoadFlow_Invoice_SpotQuoteTest.spotQuote_Complete_Load_Invoice_Flow_Tests -->
