<?xml version="1.0" encoding="UTF-8"?>
<!-- Generated by org.testng.reporters.JUnitXMLReporter -->
<testsuite ignored="0" hostname="NonOpsDev87" failures="1" tests="4" name="Retry - GTZTransportation.gtz.LPS_Admin_DataEntryExpressionTest.LPS_Admin_DataEntryExpressions_Tests" time="39.3" errors="0" timestamp="2025-03-29T00:29:31 PKT">
  <testcase classname="GTZTransportation.gtz.LPS_Admin_DataEntryExpressionTest" name="LPS_Admin_DataEntryExpressions_Tests" time="9.635">
    <skipped/>
  </testcase> <!-- LPS_Admin_DataEntryExpressions_Tests -->
  <testcase classname="GTZTransportation.gtz.LPS_Admin_DataEntryExpressionTest" name="LPS_Admin_DataEntryExpressions_Tests" time="8.709">
    <skipped/>
  </testcase> <!-- LPS_Admin_DataEntryExpressions_Tests -->
  <testcase classname="GTZTransportation.gtz.LPS_Admin_DataEntryExpressionTest" name="LPS_Admin_DataEntryExpressions_Tests" time="8.78">
    <skipped/>
  </testcase> <!-- LPS_Admin_DataEntryExpressions_Tests -->
  <testcase classname="GTZTransportation.gtz.LPS_Admin_DataEntryExpressionTest" name="LPS_Admin_DataEntryExpressions_Tests" time="8.716">
    <failure type="org.openqa.selenium.ElementNotInteractableException" message="element not interactable
  (Session info: chrome=134.0.6998.166)
Build info: version: &amp;apos;4.18.1&amp;apos;, revision: &amp;apos;b1d3319b48&amp;apos;
System info: os.name: &amp;apos;Windows 11&amp;apos;, os.arch: &amp;apos;amd64&amp;apos;, os.version: &amp;apos;10.0&amp;apos;, java.version: &amp;apos;21.0.2&amp;apos;
Driver info: org.openqa.selenium.chrome.ChromeDriver
Command: [1d43aff4ba6dd2bf7c5e13c1e238b6e8, clickElement {id=f.8999E80C400A9F2C7D8318B13D6A7920.d.4B94A0345CF26AA48356C4338B261981.e.426}]
Capabilities {acceptInsecureCerts: false, browserName: chrome, browserVersion: 134.0.6998.166, chrome: {chromedriverVersion: 134.0.6998.165 (fd886e2cb29..., userDataDir: C:\Users\LOCAL_~4.TAR\Temp\...}, fedcm:accounts: true, goog:chromeOptions: {debuggerAddress: localhost:63081}, networkConnectionEnabled: false, pageLoadStrategy: normal, platformName: windows, proxy: Proxy(), se:cdp: ws://localhost:63081/devtoo..., se:cdpVersion: 134.0.6998.166, setWindowRect: true, strictFileInteractability: false, timeouts: {implicit: 0, pageLoad: 300000, script: 30000}, unhandledPromptBehavior: dismiss and notify, webauthn:extension:credBlob: true, webauthn:extension:largeBlob: true, webauthn:extension:minPinLength: true, webauthn:extension:prf: true, webauthn:virtualAuthenticators: true}
Element: [[ChromeDriver: chrome on windows (1d43aff4ba6dd2bf7c5e13c1e238b6e8)] -&amp;gt; xpath: //a[@id=&amp;apos;ContentPlaceHolder1_containerFilter_btnExpand&amp;apos;]]
Session ID: 1d43aff4ba6dd2bf7c5e13c1e238b6e8">
      <![CDATA[org.openqa.selenium.ElementNotInteractableException: element not interactable
  (Session info: chrome=134.0.6998.166)
Build info: version: '4.18.1', revision: 'b1d3319b48'
System info: os.name: 'Windows 11', os.arch: 'amd64', os.version: '10.0', java.version: '21.0.2'
Driver info: org.openqa.selenium.chrome.ChromeDriver
Command: [1d43aff4ba6dd2bf7c5e13c1e238b6e8, clickElement {id=f.8999E80C400A9F2C7D8318B13D6A7920.d.4B94A0345CF26AA48356C4338B261981.e.426}]
Capabilities {acceptInsecureCerts: false, browserName: chrome, browserVersion: 134.0.6998.166, chrome: {chromedriverVersion: 134.0.6998.165 (fd886e2cb29..., userDataDir: C:\Users\LOCAL_~4.TAR\Temp\...}, fedcm:accounts: true, goog:chromeOptions: {debuggerAddress: localhost:63081}, networkConnectionEnabled: false, pageLoadStrategy: normal, platformName: windows, proxy: Proxy(), se:cdp: ws://localhost:63081/devtoo..., se:cdpVersion: 134.0.6998.166, setWindowRect: true, strictFileInteractability: false, timeouts: {implicit: 0, pageLoad: 300000, script: 30000}, unhandledPromptBehavior: dismiss and notify, webauthn:extension:credBlob: true, webauthn:extension:largeBlob: true, webauthn:extension:minPinLength: true, webauthn:extension:prf: true, webauthn:virtualAuthenticators: true}
Element: [[ChromeDriver: chrome on windows (1d43aff4ba6dd2bf7c5e13c1e238b6e8)] -> xpath: //a[@id='ContentPlaceHolder1_containerFilter_btnExpand']]
Session ID: 1d43aff4ba6dd2bf7c5e13c1e238b6e8
at org.openqa.selenium.remote.ErrorCodec.decode(ErrorCodec.java:167)
at org.openqa.selenium.remote.codec.w3c.W3CHttpResponseCodec.decode(W3CHttpResponseCodec.java:138)
at org.openqa.selenium.remote.codec.w3c.W3CHttpResponseCodec.decode(W3CHttpResponseCodec.java:50)
at org.openqa.selenium.remote.HttpCommandExecutor.execute(HttpCommandExecutor.java:190)
at org.openqa.selenium.remote.service.DriverCommandExecutor.invokeExecute(DriverCommandExecutor.java:216)
at org.openqa.selenium.remote.service.DriverCommandExecutor.execute(DriverCommandExecutor.java:174)
at org.openqa.selenium.remote.RemoteWebDriver.execute(RemoteWebDriver.java:519)
at org.openqa.selenium.remote.RemoteWebElement.execute(RemoteWebElement.java:223)
at org.openqa.selenium.remote.RemoteWebElement.click(RemoteWebElement.java:76)
at org.openqa.selenium.support.pagefactory.internal.LocatingElementHandler.invoke(LocatingElementHandler.java:51)
at jdk.proxy2/jdk.proxy2.$Proxy13.click(Unknown Source)
at GTZTransportation.pages.LPS_Admin_DataEntryExpression.SearchExpression(LPS_Admin_DataEntryExpression.java:93)
at GTZTransportation.gtz.LPS_Admin_DataEntryExpressionTest.LPS_Admin_DataEntryExpressions_Tests(LPS_Admin_DataEntryExpressionTest.java:37)
at java.base/java.util.ArrayList.forEach(ArrayList.java:1596)
at listeners.RetryListener.onFinish(RetryListener.java:42)
... Removed 38 stack frames]]>
    </failure>
  </testcase> <!-- LPS_Admin_DataEntryExpressions_Tests -->
</testsuite> <!-- Retry - GTZTransportation.gtz.LPS_Admin_DataEntryExpressionTest.LPS_Admin_DataEntryExpressions_Tests -->
