<?xml version="1.0" encoding="UTF-8"?>
<!-- Generated by org.testng.reporters.JUnitXMLReporter -->
<testsuite ignored="0" hostname="NonOpsDev87" failures="1" tests="4" name="Retry - GTZTransportation.gtz.CreateLPSDirectMassLoad_AwardTest.spotQuote_LPSDirect_Tests" time="43.163" errors="0" timestamp="2025-03-21T13:18:36 PKT">
  <testcase classname="GTZTransportation.gtz.CreateLPSDirectMassLoad_AwardTest" name="spotQuote_LPSDirect_Tests" time="24.319">
    <skipped/>
  </testcase> <!-- spotQuote_LPSDirect_Tests -->
  <testcase classname="GTZTransportation.gtz.CreateLPSDirectMassLoad_AwardTest" name="spotQuote_LPSDirect_Tests" time="5.012">
    <skipped/>
  </testcase> <!-- spotQuote_LPSDirect_Tests -->
  <testcase classname="GTZTransportation.gtz.CreateLPSDirectMassLoad_AwardTest" name="spotQuote_LPSDirect_Tests" time="5.016">
    <skipped/>
  </testcase> <!-- spotQuote_LPSDirect_Tests -->
  <testcase classname="GTZTransportation.gtz.CreateLPSDirectMassLoad_AwardTest" name="spotQuote_LPSDirect_Tests" time="5.015">
    <failure type="org.openqa.selenium.NoSuchElementException" message="no such element: Unable to locate element: {&amp;quot;method&amp;quot;:&amp;quot;xpath&amp;quot;,&amp;quot;selector&amp;quot;:&amp;quot;//*[text()=&amp;apos;Spot Quote system&amp;apos;]&amp;quot;}
  (Session info: chrome=134.0.6998.90)
For documentation on this error, please visit: https://www.selenium.dev/documentation/webdriver/troubleshooting/errors#no-such-element-exception
Build info: version: &amp;apos;4.18.1&amp;apos;, revision: &amp;apos;b1d3319b48&amp;apos;
System info: os.name: &amp;apos;Windows 11&amp;apos;, os.arch: &amp;apos;amd64&amp;apos;, os.version: &amp;apos;10.0&amp;apos;, java.version: &amp;apos;21.0.2&amp;apos;
Driver info: org.openqa.selenium.chrome.ChromeDriver
Command: [f71822c6eb9fabfe811ee47df2ade266, findElement {value=//*[text()=&amp;apos;Spot Quote system&amp;apos;], using=xpath}]
Capabilities {acceptInsecureCerts: false, browserName: chrome, browserVersion: 134.0.6998.90, chrome: {chromedriverVersion: 134.0.6998.90 (219ee74681fc..., userDataDir: C:\Users\LOCAL_~4.TAR\Temp\...}, fedcm:accounts: true, goog:chromeOptions: {debuggerAddress: localhost:61200}, networkConnectionEnabled: false, pageLoadStrategy: normal, platformName: windows, proxy: Proxy(), se:cdp: ws://localhost:61200/devtoo..., se:cdpVersion: 134.0.6998.90, setWindowRect: true, strictFileInteractability: false, timeouts: {implicit: 0, pageLoad: 300000, script: 30000}, unhandledPromptBehavior: dismiss and notify, webauthn:extension:credBlob: true, webauthn:extension:largeBlob: true, webauthn:extension:minPinLength: true, webauthn:extension:prf: true, webauthn:virtualAuthenticators: true}
Session ID: f71822c6eb9fabfe811ee47df2ade266">
      <![CDATA[org.openqa.selenium.NoSuchElementException: no such element: Unable to locate element: {"method":"xpath","selector":"//*[text()='Spot Quote system']"}
  (Session info: chrome=134.0.6998.90)
For documentation on this error, please visit: https://www.selenium.dev/documentation/webdriver/troubleshooting/errors#no-such-element-exception
Build info: version: '4.18.1', revision: 'b1d3319b48'
System info: os.name: 'Windows 11', os.arch: 'amd64', os.version: '10.0', java.version: '21.0.2'
Driver info: org.openqa.selenium.chrome.ChromeDriver
Command: [f71822c6eb9fabfe811ee47df2ade266, findElement {value=//*[text()='Spot Quote system'], using=xpath}]
Capabilities {acceptInsecureCerts: false, browserName: chrome, browserVersion: 134.0.6998.90, chrome: {chromedriverVersion: 134.0.6998.90 (219ee74681fc..., userDataDir: C:\Users\LOCAL_~4.TAR\Temp\...}, fedcm:accounts: true, goog:chromeOptions: {debuggerAddress: localhost:61200}, networkConnectionEnabled: false, pageLoadStrategy: normal, platformName: windows, proxy: Proxy(), se:cdp: ws://localhost:61200/devtoo..., se:cdpVersion: 134.0.6998.90, setWindowRect: true, strictFileInteractability: false, timeouts: {implicit: 0, pageLoad: 300000, script: 30000}, unhandledPromptBehavior: dismiss and notify, webauthn:extension:credBlob: true, webauthn:extension:largeBlob: true, webauthn:extension:minPinLength: true, webauthn:extension:prf: true, webauthn:virtualAuthenticators: true}
Session ID: f71822c6eb9fabfe811ee47df2ade266
at org.openqa.selenium.remote.ErrorCodec.decode(ErrorCodec.java:167)
at org.openqa.selenium.remote.codec.w3c.W3CHttpResponseCodec.decode(W3CHttpResponseCodec.java:138)
at org.openqa.selenium.remote.codec.w3c.W3CHttpResponseCodec.decode(W3CHttpResponseCodec.java:50)
at org.openqa.selenium.remote.HttpCommandExecutor.execute(HttpCommandExecutor.java:190)
at org.openqa.selenium.remote.service.DriverCommandExecutor.invokeExecute(DriverCommandExecutor.java:216)
at org.openqa.selenium.remote.service.DriverCommandExecutor.execute(DriverCommandExecutor.java:174)
at org.openqa.selenium.remote.RemoteWebDriver.execute(RemoteWebDriver.java:519)
at org.openqa.selenium.remote.ElementLocation$ElementFinder$2.findElement(ElementLocation.java:165)
at org.openqa.selenium.remote.ElementLocation.findElement(ElementLocation.java:59)
at org.openqa.selenium.remote.RemoteWebDriver.findElement(RemoteWebDriver.java:356)
at org.openqa.selenium.remote.RemoteWebDriver.findElement(RemoteWebDriver.java:350)
at org.openqa.selenium.support.pagefactory.DefaultElementLocator.findElement(DefaultElementLocator.java:68)
at org.openqa.selenium.support.pagefactory.internal.LocatingElementHandler.invoke(LocatingElementHandler.java:38)
at jdk.proxy2/jdk.proxy2.$Proxy13.click(Unknown Source)
at GTZTransportation.pages.CreateLPSDirectMassLoad_Award.openSpotQuote(CreateLPSDirectMassLoad_Award.java:66)
at GTZTransportation.gtz.CreateLPSDirectMassLoad_AwardTest.spotQuote_LPSDirect_Tests(CreateLPSDirectMassLoad_AwardTest.java:36)
at java.base/java.util.ArrayList.forEach(ArrayList.java:1596)
at listeners.RetryListener.onFinish(RetryListener.java:42)
... Removed 36 stack frames]]>
    </failure>
  </testcase> <!-- spotQuote_LPSDirect_Tests -->
</testsuite> <!-- Retry - GTZTransportation.gtz.CreateLPSDirectMassLoad_AwardTest.spotQuote_LPSDirect_Tests -->
