<!DOCTYPE html>

<html>
  <head>
  <meta charset='utf-8'>
  <title>TestNG reports</title>

    <link type="text/css" href="testng-reports1.css" rel="stylesheet" id="ultra" />
    <link type="text/css" href="testng-reports.css" rel="stylesheet" id="retro" disabled="false"/>
    <script type="text/javascript" src="jquery-3.6.0.min.js"></script>
    <script type="text/javascript" src="testng-reports.js"></script>
    <script type="text/javascript" src="https://www.google.com/jsapi"></script>
    <script type='text/javascript'>
      google.load('visualization', '1', {packages:['table']});
      google.setOnLoadCallback(drawTable);
      var suiteTableInitFunctions = new Array();
      var suiteTableData = new Array();
    </script>
    <!--
      <script type="text/javascript" src="jquery-ui/js/jquery-ui-1.8.16.custom.min.js"></script>
     -->
  </head>

  <body>    <div class="top-banner-root">
      <span class="top-banner-title-font">Test results</span>
      <button id="button" class="button">Switch Retro Theme</button> <!-- button -->
      <br/>
      <span class="top-banner-font-1">1 suite, 1 failed test</span>
    </div> <!-- top-banner-root -->
    <div class="navigator-root">
      <div class="navigator-suite-header">
        <span>All suites</span>
        <a href="#" title="Collapse/expand all the suites" class="collapse-all-link">
          <img src="collapseall.gif" class="collapse-all-icon">
          </img> <!-- collapse-all-icon -->
        </a> <!-- collapse-all-link -->
      </div> <!-- navigator-suite-header -->
      <div class="suite">
        <div class="rounded-window">
          <div class="suite-header light-rounded-window-top">
            <a href="#" panel-name="suite-Retry_Suite___GTZ_RegressionSuite" class="navigator-link">
              <span class="suite-name border-failed">Retry Suite - GTZ_RegressionSuite</span>
            </a> <!-- navigator-link -->
          </div> <!-- suite-header light-rounded-window-top -->
          <div class="navigator-suite-content">
            <div class="suite-section-title">
              <span>Info</span>
            </div> <!-- suite-section-title -->
            <div class="suite-section-content">
              <ul>
                <li>
                  <a href="#" panel-name="test-xml-Retry_Suite___GTZ_RegressionSuite" class="navigator-link ">
                    <span>[unset file name]</span>
                  </a> <!-- navigator-link  -->
                </li>
                <li>
                  <a href="#" panel-name="testlist-Retry_Suite___GTZ_RegressionSuite" class="navigator-link ">
                    <span class="test-stats">4 tests</span>
                  </a> <!-- navigator-link  -->
                </li>
                <li>
                  <a href="#" panel-name="group-Retry_Suite___GTZ_RegressionSuite" class="navigator-link ">
                    <span>1 group</span>
                  </a> <!-- navigator-link  -->
                </li>
                <li>
                  <a href="#" panel-name="times-Retry_Suite___GTZ_RegressionSuite" class="navigator-link ">
                    <span>Times</span>
                  </a> <!-- navigator-link  -->
                </li>
                <li>
                  <a href="#" panel-name="reporter-Retry_Suite___GTZ_RegressionSuite" class="navigator-link ">
                    <span>Reporter output</span>
                  </a> <!-- navigator-link  -->
                </li>
                <li>
                  <a href="#" panel-name="ignored-methods-Retry_Suite___GTZ_RegressionSuite" class="navigator-link ">
                    <span>Ignored methods</span>
                  </a> <!-- navigator-link  -->
                </li>
                <li>
                  <a href="#" panel-name="chronological-Retry_Suite___GTZ_RegressionSuite" class="navigator-link ">
                    <span>Chronological view</span>
                  </a> <!-- navigator-link  -->
                </li>
              </ul>
            </div> <!-- suite-section-content -->
            <div class="result-section">
              <div class="suite-section-title">
                <span>Results</span>
              </div> <!-- suite-section-title -->
              <div class="suite-section-content">
                <ul>
                  <li>
                    <span class="method-stats">7 methods, 1 failed,  3 skipped,  3 passed</span>
                  </li>
                  <li>
                    <span class="method-list-title failed">Failed methods</span>
                    <span class="show-or-hide-methods failed">
                      <a href="#" panel-name="suite-Retry_Suite___GTZ_RegressionSuite" class="hide-methods failed suite-Retry_Suite___GTZ_RegressionSuite"> (hide)</a> <!-- hide-methods failed suite-Retry_Suite___GTZ_RegressionSuite -->
                      <a href="#" panel-name="suite-Retry_Suite___GTZ_RegressionSuite" class="show-methods failed suite-Retry_Suite___GTZ_RegressionSuite"> (show)</a> <!-- show-methods failed suite-Retry_Suite___GTZ_RegressionSuite -->
                    </span>
                    <div class="method-list-content failed suite-Retry_Suite___GTZ_RegressionSuite">
                      <span>
                        <img src="failed.png" width="3%"/>
                        <a href="#" panel-name="suite-Retry_Suite___GTZ_RegressionSuite" title="GTZTransportation.gtz.FindRates_CancelLoadTest" class="method navigator-link" hash-for-method="FindRates_CancelLoad_Tests">FindRates_CancelLoad_Tests</a> <!-- method navigator-link -->
                      </span>
                      <br/>
                    </div> <!-- method-list-content failed suite-Retry_Suite___GTZ_RegressionSuite -->
                  </li>
                  <li>
                    <span class="method-list-title skipped">Retried methods</span>
                    <span class="show-or-hide-methods skipped">
                      <a href="#" panel-name="suite-Retry_Suite___GTZ_RegressionSuite" class="hide-methods skipped suite-Retry_Suite___GTZ_RegressionSuite"> (hide)</a> <!-- hide-methods skipped suite-Retry_Suite___GTZ_RegressionSuite -->
                      <a href="#" panel-name="suite-Retry_Suite___GTZ_RegressionSuite" class="show-methods skipped suite-Retry_Suite___GTZ_RegressionSuite"> (show)</a> <!-- show-methods skipped suite-Retry_Suite___GTZ_RegressionSuite -->
                    </span>
                    <div class="method-list-content skipped suite-Retry_Suite___GTZ_RegressionSuite">
                      <span>
                        <img src="skipped.png" width="3%"/>
                        <a href="#" panel-name="suite-Retry_Suite___GTZ_RegressionSuite" title="GTZTransportation.gtz.FindRates_CancelLoadTest" class="method navigator-link" hash-for-method="FindRates_CancelLoad_Tests">FindRates_CancelLoad_Tests</a> <!-- method navigator-link -->
                      </span>
                      <br/>
                      <span>
                        <img src="skipped.png" width="3%"/>
                        <a href="#" panel-name="suite-Retry_Suite___GTZ_RegressionSuite" title="GTZTransportation.gtz.FindRates_CancelLoadTest" class="method navigator-link" hash-for-method="FindRates_CancelLoad_Tests">FindRates_CancelLoad_Tests</a> <!-- method navigator-link -->
                      </span>
                      <br/>
                      <span>
                        <img src="skipped.png" width="3%"/>
                        <a href="#" panel-name="suite-Retry_Suite___GTZ_RegressionSuite" title="GTZTransportation.gtz.FindRates_CancelLoadTest" class="method navigator-link" hash-for-method="FindRates_CancelLoad_Tests">FindRates_CancelLoad_Tests</a> <!-- method navigator-link -->
                      </span>
                      <br/>
                    </div> <!-- method-list-content skipped suite-Retry_Suite___GTZ_RegressionSuite -->
                  </li>
                  <li>
                    <span class="method-list-title passed">Passed methods</span>
                    <span class="show-or-hide-methods passed">
                      <a href="#" panel-name="suite-Retry_Suite___GTZ_RegressionSuite" class="hide-methods passed suite-Retry_Suite___GTZ_RegressionSuite"> (hide)</a> <!-- hide-methods passed suite-Retry_Suite___GTZ_RegressionSuite -->
                      <a href="#" panel-name="suite-Retry_Suite___GTZ_RegressionSuite" class="show-methods passed suite-Retry_Suite___GTZ_RegressionSuite"> (show)</a> <!-- show-methods passed suite-Retry_Suite___GTZ_RegressionSuite -->
                    </span>
                    <div class="method-list-content passed suite-Retry_Suite___GTZ_RegressionSuite">
                      <span>
                        <img src="passed.png" width="3%"/>
                        <a href="#" panel-name="suite-Retry_Suite___GTZ_RegressionSuite" title="GTZTransportation.gtz.CopyLoad_SpotQuoteTest" class="method navigator-link" hash-for-method="spotQuote_CopyLoad_Tests">spotQuote_CopyLoad_Tests</a> <!-- method navigator-link -->
                      </span>
                      <br/>
                      <span>
                        <img src="passed.png" width="3%"/>
                        <a href="#" panel-name="suite-Retry_Suite___GTZ_RegressionSuite" title="GTZTransportation.gtz.CreateLPSDirectLoad_AwardTest" class="method navigator-link" hash-for-method="spotQuote_LPSDirect_Tests">spotQuote_LPSDirect_Tests</a> <!-- method navigator-link -->
                      </span>
                      <br/>
                      <span>
                        <img src="passed.png" width="3%"/>
                        <a href="#" panel-name="suite-Retry_Suite___GTZ_RegressionSuite" title="GTZTransportation.gtz.Report1_SpotQuoteTest" class="method navigator-link" hash-for-method="spotQuote_Reports_Tests">spotQuote_Reports_Tests</a> <!-- method navigator-link -->
                      </span>
                      <br/>
                    </div> <!-- method-list-content passed suite-Retry_Suite___GTZ_RegressionSuite -->
                  </li>
                </ul>
              </div> <!-- suite-section-content -->
            </div> <!-- result-section -->
          </div> <!-- navigator-suite-content -->
        </div> <!-- rounded-window -->
      </div> <!-- suite -->
    </div> <!-- navigator-root -->
    <div class="wrapper">
      <div class="main-panel-root">
        <div panel-name="suite-Retry_Suite___GTZ_RegressionSuite" class="panel Retry_Suite___GTZ_RegressionSuite">
          <div class="suite-Retry_Suite___GTZ_RegressionSuite-class-failed">
            <div class="main-panel-header rounded-window-top">
              <img src="failed.png"/>
              <span class="class-name">GTZTransportation.gtz.FindRates_CancelLoadTest</span>
            </div> <!-- main-panel-header rounded-window-top -->
            <div class="main-panel-content rounded-window-bottom">
              <div class="method">
                <div class="method-content">
                  <a name="FindRates_CancelLoad_Tests">
                  </a> <!-- FindRates_CancelLoad_Tests -->
                  <span class="method-name">FindRates_CancelLoad_Tests</span>
                  <div class="stack-trace">org.openqa.selenium.NoSuchElementException: no such element: Unable to locate element: {&quot;method&quot;:&quot;xpath&quot;,&quot;selector&quot;:&quot;//span[normalize-space()=&apos;Find freight rates&apos;]&quot;}
  (Session info: chrome=136.0.7103.94)
For documentation on this error, please visit: https://www.selenium.dev/documentation/webdriver/troubleshooting/errors#no-such-element-exception
Build info: version: &apos;4.18.1&apos;, revision: &apos;b1d3319b48&apos;
System info: os.name: &apos;Windows 11&apos;, os.arch: &apos;amd64&apos;, os.version: &apos;10.0&apos;, java.version: &apos;21.0.2&apos;
Driver info: org.openqa.selenium.chrome.ChromeDriver
Command: [14862d2bb9b8e742ac7abf52957dba9c, findElement {using=xpath, value=//span[normalize-space()=&apos;Find freight rates&apos;]}]
Capabilities {acceptInsecureCerts: false, browserName: chrome, browserVersion: 136.0.7103.94, chrome: {chromedriverVersion: 136.0.7103.94 (fa0be0b33deb..., userDataDir: C:\WINDOWS\SystemTemp\scope...}, fedcm:accounts: true, goog:chromeOptions: {debuggerAddress: localhost:56460}, networkConnectionEnabled: false, pageLoadStrategy: normal, platformName: windows, proxy: Proxy(), se:cdp: ws://localhost:56460/devtoo..., se:cdpVersion: 136.0.7103.94, setWindowRect: true, strictFileInteractability: false, timeouts: {implicit: 0, pageLoad: 300000, script: 30000}, unhandledPromptBehavior: dismiss and notify, webauthn:extension:credBlob: true, webauthn:extension:largeBlob: true, webauthn:extension:minPinLength: true, webauthn:extension:prf: true, webauthn:virtualAuthenticators: true}
Session ID: 14862d2bb9b8e742ac7abf52957dba9c
	at org.openqa.selenium.remote.ErrorCodec.decode(ErrorCodec.java:167)
	at org.openqa.selenium.remote.codec.w3c.W3CHttpResponseCodec.decode(W3CHttpResponseCodec.java:138)
	at org.openqa.selenium.remote.codec.w3c.W3CHttpResponseCodec.decode(W3CHttpResponseCodec.java:50)
	at org.openqa.selenium.remote.HttpCommandExecutor.execute(HttpCommandExecutor.java:190)
	at org.openqa.selenium.remote.service.DriverCommandExecutor.invokeExecute(DriverCommandExecutor.java:216)
	at org.openqa.selenium.remote.service.DriverCommandExecutor.execute(DriverCommandExecutor.java:174)
	at org.openqa.selenium.remote.RemoteWebDriver.execute(RemoteWebDriver.java:519)
	at org.openqa.selenium.remote.ElementLocation$ElementFinder$2.findElement(ElementLocation.java:165)
	at org.openqa.selenium.remote.ElementLocation.findElement(ElementLocation.java:59)
	at org.openqa.selenium.remote.RemoteWebDriver.findElement(RemoteWebDriver.java:356)
	at org.openqa.selenium.remote.RemoteWebDriver.findElement(RemoteWebDriver.java:350)
	at org.openqa.selenium.support.pagefactory.DefaultElementLocator.findElement(DefaultElementLocator.java:68)
	at org.openqa.selenium.support.pagefactory.internal.LocatingElementHandler.invoke(LocatingElementHandler.java:38)
	at jdk.proxy2/jdk.proxy2.$Proxy11.click(Unknown Source)
	at GTZTransportation.pages.FindRates_CancelLoad.openFindRatesHistory(FindRates_CancelLoad.java:47)
	at GTZTransportation.gtz.FindRates_CancelLoadTest.FindRates_CancelLoad_Tests(FindRates_CancelLoadTest.java:34)
	at java.base/java.util.ArrayList.forEach(ArrayList.java:1596)
	at listeners.RetryListener.onFinish(RetryListener.java:42)
... Removed 40 stack frames
</div> <!-- stack-trace -->
                </div> <!-- method-content -->
              </div> <!-- method -->
            </div> <!-- main-panel-content rounded-window-bottom -->
          </div> <!-- suite-Retry_Suite___GTZ_RegressionSuite-class-failed -->
          <div class="suite-Retry_Suite___GTZ_RegressionSuite-class-skipped">
            <div class="main-panel-header rounded-window-top">
              <img src="skipped.png"/>
              <span class="class-name">GTZTransportation.gtz.FindRates_CancelLoadTest</span>
            </div> <!-- main-panel-header rounded-window-top -->
            <div class="main-panel-content rounded-window-bottom">
              <div class="method">
                <div class="method-content">
                  <a name="FindRates_CancelLoad_Tests">
                  </a> <!-- FindRates_CancelLoad_Tests -->
                  <span class="method-name">FindRates_CancelLoad_Tests</span>
                  <div class="stack-trace">org.openqa.selenium.NoSuchElementException: no such element: Unable to locate element: {&quot;method&quot;:&quot;xpath&quot;,&quot;selector&quot;:&quot;//h1[normalize-space()=&apos;Rate Search Result&apos;]&quot;}
  (Session info: chrome=136.0.7103.94)
For documentation on this error, please visit: https://www.selenium.dev/documentation/webdriver/troubleshooting/errors#no-such-element-exception
Build info: version: &apos;4.18.1&apos;, revision: &apos;b1d3319b48&apos;
System info: os.name: &apos;Windows 11&apos;, os.arch: &apos;amd64&apos;, os.version: &apos;10.0&apos;, java.version: &apos;21.0.2&apos;
Driver info: org.openqa.selenium.chrome.ChromeDriver
Command: [14862d2bb9b8e742ac7abf52957dba9c, findElement {using=xpath, value=//h1[normalize-space()=&apos;Rate Search Result&apos;]}]
Capabilities {acceptInsecureCerts: false, browserName: chrome, browserVersion: 136.0.7103.94, chrome: {chromedriverVersion: 136.0.7103.94 (fa0be0b33deb..., userDataDir: C:\WINDOWS\SystemTemp\scope...}, fedcm:accounts: true, goog:chromeOptions: {debuggerAddress: localhost:56460}, networkConnectionEnabled: false, pageLoadStrategy: normal, platformName: windows, proxy: Proxy(), se:cdp: ws://localhost:56460/devtoo..., se:cdpVersion: 136.0.7103.94, setWindowRect: true, strictFileInteractability: false, timeouts: {implicit: 0, pageLoad: 300000, script: 30000}, unhandledPromptBehavior: dismiss and notify, webauthn:extension:credBlob: true, webauthn:extension:largeBlob: true, webauthn:extension:minPinLength: true, webauthn:extension:prf: true, webauthn:virtualAuthenticators: true}
Session ID: 14862d2bb9b8e742ac7abf52957dba9c
	at org.openqa.selenium.remote.ErrorCodec.decode(ErrorCodec.java:167)
	at org.openqa.selenium.remote.codec.w3c.W3CHttpResponseCodec.decode(W3CHttpResponseCodec.java:138)
	at org.openqa.selenium.remote.codec.w3c.W3CHttpResponseCodec.decode(W3CHttpResponseCodec.java:50)
	at org.openqa.selenium.remote.HttpCommandExecutor.execute(HttpCommandExecutor.java:190)
	at org.openqa.selenium.remote.service.DriverCommandExecutor.invokeExecute(DriverCommandExecutor.java:216)
	at org.openqa.selenium.remote.service.DriverCommandExecutor.execute(DriverCommandExecutor.java:174)
	at org.openqa.selenium.remote.RemoteWebDriver.execute(RemoteWebDriver.java:519)
	at org.openqa.selenium.remote.ElementLocation$ElementFinder$2.findElement(ElementLocation.java:165)
	at org.openqa.selenium.remote.ElementLocation.findElement(ElementLocation.java:59)
	at org.openqa.selenium.remote.RemoteWebDriver.findElement(RemoteWebDriver.java:356)
	at org.openqa.selenium.remote.RemoteWebDriver.findElement(RemoteWebDriver.java:350)
	at GTZTransportation.gtz.FindRates_CancelLoadTest.FindRates_CancelLoad_Tests(FindRates_CancelLoadTest.java:37)
	at java.base/java.util.ArrayList.forEach(ArrayList.java:1596)
	at listeners.RetryListener.onFinish(RetryListener.java:42)
... Removed 40 stack frames
</div> <!-- stack-trace -->
                </div> <!-- method-content -->
              </div> <!-- method -->
              <div class="method">
                <div class="method-content">
                  <a name="FindRates_CancelLoad_Tests">
                  </a> <!-- FindRates_CancelLoad_Tests -->
                  <span class="method-name">FindRates_CancelLoad_Tests</span>
                  <div class="stack-trace">org.openqa.selenium.NoSuchElementException: no such element: Unable to locate element: {&quot;method&quot;:&quot;xpath&quot;,&quot;selector&quot;:&quot;//span[normalize-space()=&apos;Find freight rates&apos;]&quot;}
  (Session info: chrome=136.0.7103.94)
For documentation on this error, please visit: https://www.selenium.dev/documentation/webdriver/troubleshooting/errors#no-such-element-exception
Build info: version: &apos;4.18.1&apos;, revision: &apos;b1d3319b48&apos;
System info: os.name: &apos;Windows 11&apos;, os.arch: &apos;amd64&apos;, os.version: &apos;10.0&apos;, java.version: &apos;21.0.2&apos;
Driver info: org.openqa.selenium.chrome.ChromeDriver
Command: [14862d2bb9b8e742ac7abf52957dba9c, findElement {using=xpath, value=//span[normalize-space()=&apos;Find freight rates&apos;]}]
Capabilities {acceptInsecureCerts: false, browserName: chrome, browserVersion: 136.0.7103.94, chrome: {chromedriverVersion: 136.0.7103.94 (fa0be0b33deb..., userDataDir: C:\WINDOWS\SystemTemp\scope...}, fedcm:accounts: true, goog:chromeOptions: {debuggerAddress: localhost:56460}, networkConnectionEnabled: false, pageLoadStrategy: normal, platformName: windows, proxy: Proxy(), se:cdp: ws://localhost:56460/devtoo..., se:cdpVersion: 136.0.7103.94, setWindowRect: true, strictFileInteractability: false, timeouts: {implicit: 0, pageLoad: 300000, script: 30000}, unhandledPromptBehavior: dismiss and notify, webauthn:extension:credBlob: true, webauthn:extension:largeBlob: true, webauthn:extension:minPinLength: true, webauthn:extension:prf: true, webauthn:virtualAuthenticators: true}
Session ID: 14862d2bb9b8e742ac7abf52957dba9c
	at org.openqa.selenium.remote.ErrorCodec.decode(ErrorCodec.java:167)
	at org.openqa.selenium.remote.codec.w3c.W3CHttpResponseCodec.decode(W3CHttpResponseCodec.java:138)
	at org.openqa.selenium.remote.codec.w3c.W3CHttpResponseCodec.decode(W3CHttpResponseCodec.java:50)
	at org.openqa.selenium.remote.HttpCommandExecutor.execute(HttpCommandExecutor.java:190)
	at org.openqa.selenium.remote.service.DriverCommandExecutor.invokeExecute(DriverCommandExecutor.java:216)
	at org.openqa.selenium.remote.service.DriverCommandExecutor.execute(DriverCommandExecutor.java:174)
	at org.openqa.selenium.remote.RemoteWebDriver.execute(RemoteWebDriver.java:519)
	at org.openqa.selenium.remote.ElementLocation$ElementFinder$2.findElement(ElementLocation.java:165)
	at org.openqa.selenium.remote.ElementLocation.findElement(ElementLocation.java:59)
	at org.openqa.selenium.remote.RemoteWebDriver.findElement(RemoteWebDriver.java:356)
	at org.openqa.selenium.remote.RemoteWebDriver.findElement(RemoteWebDriver.java:350)
	at org.openqa.selenium.support.pagefactory.DefaultElementLocator.findElement(DefaultElementLocator.java:68)
	at org.openqa.selenium.support.pagefactory.internal.LocatingElementHandler.invoke(LocatingElementHandler.java:38)
	at jdk.proxy2/jdk.proxy2.$Proxy11.click(Unknown Source)
	at GTZTransportation.pages.FindRates_CancelLoad.openFindRatesHistory(FindRates_CancelLoad.java:47)
	at GTZTransportation.gtz.FindRates_CancelLoadTest.FindRates_CancelLoad_Tests(FindRates_CancelLoadTest.java:34)
	at java.base/java.util.ArrayList.forEach(ArrayList.java:1596)
	at listeners.RetryListener.onFinish(RetryListener.java:42)
... Removed 40 stack frames
</div> <!-- stack-trace -->
                </div> <!-- method-content -->
              </div> <!-- method -->
              <div class="method">
                <div class="method-content">
                  <a name="FindRates_CancelLoad_Tests">
                  </a> <!-- FindRates_CancelLoad_Tests -->
                  <span class="method-name">FindRates_CancelLoad_Tests</span>
                  <div class="stack-trace">org.openqa.selenium.NoSuchElementException: no such element: Unable to locate element: {&quot;method&quot;:&quot;xpath&quot;,&quot;selector&quot;:&quot;//span[normalize-space()=&apos;Find freight rates&apos;]&quot;}
  (Session info: chrome=136.0.7103.94)
For documentation on this error, please visit: https://www.selenium.dev/documentation/webdriver/troubleshooting/errors#no-such-element-exception
Build info: version: &apos;4.18.1&apos;, revision: &apos;b1d3319b48&apos;
System info: os.name: &apos;Windows 11&apos;, os.arch: &apos;amd64&apos;, os.version: &apos;10.0&apos;, java.version: &apos;21.0.2&apos;
Driver info: org.openqa.selenium.chrome.ChromeDriver
Command: [14862d2bb9b8e742ac7abf52957dba9c, findElement {using=xpath, value=//span[normalize-space()=&apos;Find freight rates&apos;]}]
Capabilities {acceptInsecureCerts: false, browserName: chrome, browserVersion: 136.0.7103.94, chrome: {chromedriverVersion: 136.0.7103.94 (fa0be0b33deb..., userDataDir: C:\WINDOWS\SystemTemp\scope...}, fedcm:accounts: true, goog:chromeOptions: {debuggerAddress: localhost:56460}, networkConnectionEnabled: false, pageLoadStrategy: normal, platformName: windows, proxy: Proxy(), se:cdp: ws://localhost:56460/devtoo..., se:cdpVersion: 136.0.7103.94, setWindowRect: true, strictFileInteractability: false, timeouts: {implicit: 0, pageLoad: 300000, script: 30000}, unhandledPromptBehavior: dismiss and notify, webauthn:extension:credBlob: true, webauthn:extension:largeBlob: true, webauthn:extension:minPinLength: true, webauthn:extension:prf: true, webauthn:virtualAuthenticators: true}
Session ID: 14862d2bb9b8e742ac7abf52957dba9c
	at org.openqa.selenium.remote.ErrorCodec.decode(ErrorCodec.java:167)
	at org.openqa.selenium.remote.codec.w3c.W3CHttpResponseCodec.decode(W3CHttpResponseCodec.java:138)
	at org.openqa.selenium.remote.codec.w3c.W3CHttpResponseCodec.decode(W3CHttpResponseCodec.java:50)
	at org.openqa.selenium.remote.HttpCommandExecutor.execute(HttpCommandExecutor.java:190)
	at org.openqa.selenium.remote.service.DriverCommandExecutor.invokeExecute(DriverCommandExecutor.java:216)
	at org.openqa.selenium.remote.service.DriverCommandExecutor.execute(DriverCommandExecutor.java:174)
	at org.openqa.selenium.remote.RemoteWebDriver.execute(RemoteWebDriver.java:519)
	at org.openqa.selenium.remote.ElementLocation$ElementFinder$2.findElement(ElementLocation.java:165)
	at org.openqa.selenium.remote.ElementLocation.findElement(ElementLocation.java:59)
	at org.openqa.selenium.remote.RemoteWebDriver.findElement(RemoteWebDriver.java:356)
	at org.openqa.selenium.remote.RemoteWebDriver.findElement(RemoteWebDriver.java:350)
	at org.openqa.selenium.support.pagefactory.DefaultElementLocator.findElement(DefaultElementLocator.java:68)
	at org.openqa.selenium.support.pagefactory.internal.LocatingElementHandler.invoke(LocatingElementHandler.java:38)
	at jdk.proxy2/jdk.proxy2.$Proxy11.click(Unknown Source)
	at GTZTransportation.pages.FindRates_CancelLoad.openFindRatesHistory(FindRates_CancelLoad.java:47)
	at GTZTransportation.gtz.FindRates_CancelLoadTest.FindRates_CancelLoad_Tests(FindRates_CancelLoadTest.java:34)
	at java.base/java.util.ArrayList.forEach(ArrayList.java:1596)
	at listeners.RetryListener.onFinish(RetryListener.java:42)
... Removed 40 stack frames
</div> <!-- stack-trace -->
                </div> <!-- method-content -->
              </div> <!-- method -->
            </div> <!-- main-panel-content rounded-window-bottom -->
          </div> <!-- suite-Retry_Suite___GTZ_RegressionSuite-class-skipped -->
          <div class="suite-Retry_Suite___GTZ_RegressionSuite-class-passed">
            <div class="main-panel-header rounded-window-top">
              <img src="passed.png"/>
              <span class="class-name">GTZTransportation.gtz.CopyLoad_SpotQuoteTest</span>
            </div> <!-- main-panel-header rounded-window-top -->
            <div class="main-panel-content rounded-window-bottom">
              <div class="method">
                <div class="method-content">
                  <a name="spotQuote_CopyLoad_Tests">
                  </a> <!-- spotQuote_CopyLoad_Tests -->
                  <span class="method-name">spotQuote_CopyLoad_Tests</span>
                </div> <!-- method-content -->
              </div> <!-- method -->
            </div> <!-- main-panel-content rounded-window-bottom -->
          </div> <!-- suite-Retry_Suite___GTZ_RegressionSuite-class-passed -->
          <div class="suite-Retry_Suite___GTZ_RegressionSuite-class-passed">
            <div class="main-panel-header rounded-window-top">
              <img src="passed.png"/>
              <span class="class-name">GTZTransportation.gtz.CreateLPSDirectLoad_AwardTest</span>
            </div> <!-- main-panel-header rounded-window-top -->
            <div class="main-panel-content rounded-window-bottom">
              <div class="method">
                <div class="method-content">
                  <a name="spotQuote_LPSDirect_Tests">
                  </a> <!-- spotQuote_LPSDirect_Tests -->
                  <span class="method-name">spotQuote_LPSDirect_Tests</span>
                </div> <!-- method-content -->
              </div> <!-- method -->
            </div> <!-- main-panel-content rounded-window-bottom -->
          </div> <!-- suite-Retry_Suite___GTZ_RegressionSuite-class-passed -->
          <div class="suite-Retry_Suite___GTZ_RegressionSuite-class-passed">
            <div class="main-panel-header rounded-window-top">
              <img src="passed.png"/>
              <span class="class-name">GTZTransportation.gtz.Report1_SpotQuoteTest</span>
            </div> <!-- main-panel-header rounded-window-top -->
            <div class="main-panel-content rounded-window-bottom">
              <div class="method">
                <div class="method-content">
                  <a name="spotQuote_Reports_Tests">
                  </a> <!-- spotQuote_Reports_Tests -->
                  <span class="method-name">spotQuote_Reports_Tests</span>
                </div> <!-- method-content -->
              </div> <!-- method -->
            </div> <!-- main-panel-content rounded-window-bottom -->
          </div> <!-- suite-Retry_Suite___GTZ_RegressionSuite-class-passed -->
        </div> <!-- panel Retry_Suite___GTZ_RegressionSuite -->
        <div panel-name="test-xml-Retry_Suite___GTZ_RegressionSuite" class="panel">
          <div class="main-panel-header rounded-window-top">
          </div> <!-- main-panel-header rounded-window-top -->
          <div class="main-panel-content rounded-window-bottom">
            <pre>
&lt;?xml version=&quot;1.0&quot; encoding=&quot;UTF-8&quot;?&gt;
&lt;!DOCTYPE suite SYSTEM &quot;https://testng.org/testng-1.0.dtd&quot;&gt;
&lt;suite name=&quot;Retry Suite - GTZ_RegressionSuite&quot;&gt;
  &lt;test thread-count=&quot;5&quot; name=&quot;Retry - GTZTransportation.gtz.CopyLoad_SpotQuoteTest.spotQuote_CopyLoad_Tests&quot;&gt;
    &lt;classes&gt;
      &lt;class name=&quot;GTZTransportation.gtz.CopyLoad_SpotQuoteTest&quot;/&gt;
    &lt;/classes&gt;
  &lt;/test&gt; &lt;!-- Retry - GTZTransportation.gtz.CopyLoad_SpotQuoteTest.spotQuote_CopyLoad_Tests --&gt;
  &lt;test thread-count=&quot;5&quot; name=&quot;Retry - GTZTransportation.gtz.CreateLPSDirectLoad_AwardTest.spotQuote_LPSDirect_Tests&quot;&gt;
    &lt;classes&gt;
      &lt;class name=&quot;GTZTransportation.gtz.CreateLPSDirectLoad_AwardTest&quot;/&gt;
    &lt;/classes&gt;
  &lt;/test&gt; &lt;!-- Retry - GTZTransportation.gtz.CreateLPSDirectLoad_AwardTest.spotQuote_LPSDirect_Tests --&gt;
  &lt;test thread-count=&quot;5&quot; name=&quot;Retry - GTZTransportation.gtz.Report1_SpotQuoteTest.spotQuote_Reports_Tests&quot;&gt;
    &lt;classes&gt;
      &lt;class name=&quot;GTZTransportation.gtz.Report1_SpotQuoteTest&quot;/&gt;
    &lt;/classes&gt;
  &lt;/test&gt; &lt;!-- Retry - GTZTransportation.gtz.Report1_SpotQuoteTest.spotQuote_Reports_Tests --&gt;
  &lt;test thread-count=&quot;5&quot; name=&quot;Retry - GTZTransportation.gtz.FindRates_CancelLoadTest.FindRates_CancelLoad_Tests&quot;&gt;
    &lt;classes&gt;
      &lt;class name=&quot;GTZTransportation.gtz.FindRates_CancelLoadTest&quot;/&gt;
    &lt;/classes&gt;
  &lt;/test&gt; &lt;!-- Retry - GTZTransportation.gtz.FindRates_CancelLoadTest.FindRates_CancelLoad_Tests --&gt;
&lt;/suite&gt; &lt;!-- Retry Suite - GTZ_RegressionSuite --&gt;
            </pre>
          </div> <!-- main-panel-content rounded-window-bottom -->
        </div> <!-- panel -->
        <div panel-name="testlist-Retry_Suite___GTZ_RegressionSuite" class="panel">
          <div class="main-panel-header rounded-window-top">
            <span class="header-content">Tests for Retry Suite - GTZ_RegressionSuite</span>
          </div> <!-- main-panel-header rounded-window-top -->
          <div class="main-panel-content rounded-window-bottom">
            <ul>
              <li>
                <span class="test-name">Retry - GTZTransportation.gtz.CopyLoad_SpotQuoteTest.spotQuote_CopyLoad_Tests (1 class)</span>
              </li>
              <li>
                <span class="test-name">Retry - GTZTransportation.gtz.CreateLPSDirectLoad_AwardTest.spotQuote_LPSDirect_Tests (1 class)</span>
              </li>
              <li>
                <span class="test-name">Retry - GTZTransportation.gtz.Report1_SpotQuoteTest.spotQuote_Reports_Tests (1 class)</span>
              </li>
              <li>
                <span class="test-name">Retry - GTZTransportation.gtz.FindRates_CancelLoadTest.FindRates_CancelLoad_Tests (1 class)</span>
              </li>
            </ul>
          </div> <!-- main-panel-content rounded-window-bottom -->
        </div> <!-- panel -->
        <div panel-name="group-Retry_Suite___GTZ_RegressionSuite" class="panel">
          <div class="main-panel-header rounded-window-top">
            <span class="header-content">Groups for Retry Suite - GTZ_RegressionSuite</span>
          </div> <!-- main-panel-header rounded-window-top -->
          <div class="main-panel-content rounded-window-bottom">
            <div class="test-group">
              <span class="test-group-name">Regression</span>
              <br/>
              <div class="method-in-group">
                <span class="method-in-group-name">FindRates_CancelLoad_Tests</span>
                <br/>
              </div> <!-- method-in-group -->
              <div class="method-in-group">
                <span class="method-in-group-name">spotQuote_CopyLoad_Tests</span>
                <br/>
              </div> <!-- method-in-group -->
              <div class="method-in-group">
                <span class="method-in-group-name">spotQuote_LPSDirect_Tests</span>
                <br/>
              </div> <!-- method-in-group -->
              <div class="method-in-group">
                <span class="method-in-group-name">spotQuote_Reports_Tests</span>
                <br/>
              </div> <!-- method-in-group -->
            </div> <!-- test-group -->
          </div> <!-- main-panel-content rounded-window-bottom -->
        </div> <!-- panel -->
        <div panel-name="times-Retry_Suite___GTZ_RegressionSuite" class="panel">
          <div class="main-panel-header rounded-window-top">
            <span class="header-content">Times for Retry Suite - GTZ_RegressionSuite</span>
          </div> <!-- main-panel-header rounded-window-top -->
          <div class="main-panel-content rounded-window-bottom">
            <div class="times-div">
              <script type="text/javascript">
suiteTableInitFunctions.push('tableData_Retry_Suite___GTZ_RegressionSuite');
function tableData_Retry_Suite___GTZ_RegressionSuite() {
var data = new google.visualization.DataTable();
data.addColumn('number', 'Number');
data.addColumn('string', 'Method');
data.addColumn('string', 'Class');
data.addColumn('number', 'Time (ms)');
data.addRows(7);
data.setCell(0, 0, 0)
data.setCell(0, 1, 'spotQuote_Reports_Tests')
data.setCell(0, 2, 'GTZTransportation.gtz.Report1_SpotQuoteTest')
data.setCell(0, 3, 96413);
data.setCell(1, 0, 1)
data.setCell(1, 1, 'spotQuote_LPSDirect_Tests')
data.setCell(1, 2, 'GTZTransportation.gtz.CreateLPSDirectLoad_AwardTest')
data.setCell(1, 3, 76856);
data.setCell(2, 0, 2)
data.setCell(2, 1, 'spotQuote_CopyLoad_Tests')
data.setCell(2, 2, 'GTZTransportation.gtz.CopyLoad_SpotQuoteTest')
data.setCell(2, 3, 57047);
data.setCell(3, 0, 3)
data.setCell(3, 1, 'FindRates_CancelLoad_Tests')
data.setCell(3, 2, 'GTZTransportation.gtz.FindRates_CancelLoadTest')
data.setCell(3, 3, 9945);
data.setCell(4, 0, 4)
data.setCell(4, 1, 'FindRates_CancelLoad_Tests')
data.setCell(4, 2, 'GTZTransportation.gtz.FindRates_CancelLoadTest')
data.setCell(4, 3, 5021);
data.setCell(5, 0, 5)
data.setCell(5, 1, 'FindRates_CancelLoad_Tests')
data.setCell(5, 2, 'GTZTransportation.gtz.FindRates_CancelLoadTest')
data.setCell(5, 3, 5014);
data.setCell(6, 0, 6)
data.setCell(6, 1, 'FindRates_CancelLoad_Tests')
data.setCell(6, 2, 'GTZTransportation.gtz.FindRates_CancelLoadTest')
data.setCell(6, 3, 5011);
window.suiteTableData['Retry_Suite___GTZ_RegressionSuite']= { tableData: data, tableDiv: 'times-div-Retry_Suite___GTZ_RegressionSuite'}
return data;
}
              </script>
              <span class="suite-total-time">Total running time: 4 minutes</span>
              <div id="times-div-Retry_Suite___GTZ_RegressionSuite">
              </div> <!-- times-div-Retry_Suite___GTZ_RegressionSuite -->
            </div> <!-- times-div -->
          </div> <!-- main-panel-content rounded-window-bottom -->
        </div> <!-- panel -->
        <div panel-name="reporter-Retry_Suite___GTZ_RegressionSuite" class="panel">
          <div class="main-panel-header rounded-window-top">
            <span class="header-content">Reporter output for Retry Suite - GTZ_RegressionSuite</span>
          </div> <!-- main-panel-header rounded-window-top -->
          <div class="main-panel-content rounded-window-bottom">
          </div> <!-- main-panel-content rounded-window-bottom -->
        </div> <!-- panel -->
        <div panel-name="ignored-methods-Retry_Suite___GTZ_RegressionSuite" class="panel">
          <div class="main-panel-header rounded-window-top">
            <span class="header-content">0 ignored methods</span>
          </div> <!-- main-panel-header rounded-window-top -->
          <div class="main-panel-content rounded-window-bottom">
          </div> <!-- main-panel-content rounded-window-bottom -->
        </div> <!-- panel -->
        <div panel-name="chronological-Retry_Suite___GTZ_RegressionSuite" class="panel">
          <div class="main-panel-header rounded-window-top">
            <span class="header-content">Methods in chronological order</span>
          </div> <!-- main-panel-header rounded-window-top -->
          <div class="main-panel-content rounded-window-bottom">
            <div class="chronological-class">
              <div class="chronological-class-name">GTZTransportation.gtz.CopyLoad_SpotQuoteTest</div> <!-- chronological-class-name -->
              <div class="configuration-test before">
                <span class="method-name">setup</span>
                <span class="method-start">0 ms</span>
              </div> <!-- configuration-test before -->
              <div class="test-method">
                <span class="method-name">spotQuote_CopyLoad_Tests</span>
                <span class="method-start">3065 ms</span>
              </div> <!-- test-method -->
              <div class="configuration-test after">
                <span class="method-name">tearDown</span>
                <span class="method-start">60112 ms</span>
              </div> <!-- configuration-test after -->
            </div> <!-- chronological-class -->
            <div class="chronological-class">
              <div class="chronological-class-name">GTZTransportation.gtz.CreateLPSDirectLoad_AwardTest</div> <!-- chronological-class-name -->
              <div class="configuration-test before">
                <span class="method-name">setup</span>
                <span class="method-start">60448 ms</span>
              </div> <!-- configuration-test before -->
              <div class="test-method">
                <span class="method-name">spotQuote_LPSDirect_Tests</span>
                <span class="method-start">63558 ms</span>
              </div> <!-- test-method -->
              <div class="configuration-test after">
                <span class="method-name">tearDown</span>
                <span class="method-start">140415 ms</span>
              </div> <!-- configuration-test after -->
            </div> <!-- chronological-class -->
            <div class="chronological-class">
              <div class="chronological-class-name">GTZTransportation.gtz.Report1_SpotQuoteTest</div> <!-- chronological-class-name -->
              <div class="configuration-test before">
                <span class="method-name">setup</span>
                <span class="method-start">140711 ms</span>
              </div> <!-- configuration-test before -->
              <div class="test-method">
                <span class="method-name">spotQuote_Reports_Tests</span>
                <span class="method-start">143267 ms</span>
              </div> <!-- test-method -->
              <div class="configuration-test after">
                <span class="method-name">tearDown</span>
                <span class="method-start">239681 ms</span>
              </div> <!-- configuration-test after -->
            </div> <!-- chronological-class -->
            <div class="chronological-class">
              <div class="chronological-class-name">GTZTransportation.gtz.FindRates_CancelLoadTest</div> <!-- chronological-class-name -->
              <div class="configuration-test before">
                <span class="method-name">setup</span>
                <span class="method-start">240000 ms</span>
              </div> <!-- configuration-test before -->
              <div class="test-method">
                <span class="method-name">FindRates_CancelLoad_Tests</span>
                <span class="method-start">242898 ms</span>
              </div> <!-- test-method -->
              <div class="test-method">
                <span class="method-name">FindRates_CancelLoad_Tests</span>
                <span class="method-start">252852 ms</span>
              </div> <!-- test-method -->
              <div class="test-method">
                <span class="method-name">FindRates_CancelLoad_Tests</span>
                <span class="method-start">257878 ms</span>
              </div> <!-- test-method -->
              <div class="test-method">
                <img src="failed.png">
                </img>
                <span class="method-name">FindRates_CancelLoad_Tests</span>
                <span class="method-start">262895 ms</span>
              </div> <!-- test-method -->
              <div class="configuration-test after">
                <span class="method-name">tearDown</span>
                <span class="method-start">267909 ms</span>
              </div> <!-- configuration-test after -->
          </div> <!-- main-panel-content rounded-window-bottom -->
        </div> <!-- panel -->
      </div> <!-- main-panel-root -->
    </div> <!-- wrapper -->
  </body>
<script type="text/javascript" src="testng-reports2.js"></script>
</html>
